\BOOKMARK [1][-]{Section.0.Security in R: Introduction and Motivation.1}{Security in R: Introduction and Motivation}{}
\BOOKMARK [2][-]{Subsection.1.0.Security when using Contributed Code.2}{Security when using Contributed Code}{Section.0.Security in R: Introduction and Motivation.1}
\BOOKMARK [2][-]{Subsection.1.1.Sandboxing the R environment.2}{Sandboxing the R environment}{Section.0.Security in R: Introduction and Motivation.1}
\BOOKMARK [1][-]{Section.1.Use-Cases and Concerns of Sandboxing R.1}{Use-Cases and Concerns of Sandboxing R}{}
\BOOKMARK [2][-]{Subsubsection.2.0.0.Running Untrusted Code.3}{Running Untrusted Code}{Section.1.Use-Cases and Concerns of Sandboxing R.1}
\BOOKMARK [3][-]{Subsubsection.2.0.1.Shared Resources.3}{Shared Resources}{Subsubsection.2.0.0.Running Untrusted Code.3}
\BOOKMARK [3][-]{Subsubsection.2.0.2.Embedded Systems and Services.3}{Embedded Systems and Services}{Subsubsection.2.0.0.Running Untrusted Code.3}
\BOOKMARK [2][-]{Subsection.2.0.System Privileges and Hardware Resources.2}{System Privileges and Hardware Resources}{Section.1.Use-Cases and Concerns of Sandboxing R.1}
\BOOKMARK [3][-]{Subsubsection.2.1.0.System Abuse.3}{System Abuse}{Subsection.2.0.System Privileges and Hardware Resources.2}
\BOOKMARK [3][-]{Subsubsection.2.1.1.Resource Restrictions.3}{Resource Restrictions}{Subsection.2.0.System Privileges and Hardware Resources.2}
\BOOKMARK [1][-]{Section.2.Different Approaches of Restricting R.1}{Different Approaches of Restricting R}{}
\BOOKMARK [2][-]{Subsection.3.0.Application Level Security: Predefined Services.2}{Application Level Security: Predefined Services}{Section.2.Different Approaches of Restricting R.1}
\BOOKMARK [3][-]{Subsubsection.3.1.0.Code Injection.3}{Code Injection}{Subsection.3.0.Application Level Security: Predefined Services.2}
\BOOKMARK [2][-]{Subsection.3.1.Sanitizing and Blacklisting.2}{Sanitizing and Blacklisting}{Section.2.Different Approaches of Restricting R.1}
\BOOKMARK [2][-]{Subsection.3.2.Sandboxing on the Level of the Opering System.2}{Sandboxing on the Level of the Opering System}{Section.2.Different Approaches of Restricting R.1}
\BOOKMARK [1][-]{Section.3.the RAppArmor package.1}{the RAppArmor package}{}
\BOOKMARK [2][-]{Subsection.4.0.AppArmor Profiles.2}{AppArmor Profiles}{Section.3.the RAppArmor package.1}
\BOOKMARK [2][-]{Subsection.4.1.Automatic Installation.2}{Automatic Installation}{Section.3.the RAppArmor package.1}
\BOOKMARK [2][-]{Subsection.4.2.Manual Installation.2}{Manual Installation}{Section.3.the RAppArmor package.1}
\BOOKMARK [2][-]{Subsection.4.3.Linux Security Methods.2}{Linux Security Methods}{Section.3.the RAppArmor package.1}
\BOOKMARK [2][-]{Subsection.4.4.Setting User and Group ID.2}{Setting User and Group ID}{Section.3.the RAppArmor package.1}
\BOOKMARK [2][-]{Subsection.4.5.Linux Resource Limits (RLIMIT).2}{Linux Resource Limits \(RLIMIT\)}{Section.3.the RAppArmor package.1}
\BOOKMARK [2][-]{Subsection.4.6.Activating AppArmor profiles.2}{Activating AppArmor profiles}{Section.3.the RAppArmor package.1}
\BOOKMARK [2][-]{Subsection.4.7.AppArmor without RAppArmor.2}{AppArmor without RAppArmor}{Section.3.the RAppArmor package.1}
\BOOKMARK [2][-]{Subsection.4.8.Learning using Complain Mode.2}{Learning using Complain Mode}{Section.3.the RAppArmor package.1}
\BOOKMARK [1][-]{Section.4.Profiling R.1}{Profiling R}{}
\BOOKMARK [2][-]{Subsection.5.0.AppArmor Policy Configuration Syntax.2}{AppArmor Policy Configuration Syntax}{Section.4.Profiling R.1}
\BOOKMARK [2][-]{Subsection.5.1.Profile: r-base.2}{Profile: r-base}{Section.4.Profiling R.1}
\BOOKMARK [2][-]{Subsection.5.2.Profile: r-compile.2}{Profile: r-compile}{Section.4.Profiling R.1}
\BOOKMARK [2][-]{Subsection.5.3.Profile: r-user.2}{Profile: r-user}{Section.4.Profiling R.1}
\BOOKMARK [2][-]{Subsection.5.4.Installing packages.2}{Installing packages}{Section.4.Profiling R.1}
\BOOKMARK [1][-]{Section.5.Concluding remarks.1}{Concluding remarks}{}
\BOOKMARK [1][-]{Section..Example Profiles.1}{Example Profiles}{}
\BOOKMARK [2][-]{Subsection.A.0.Profile: r-base.2}{Profile: r-base}{Section..Example Profiles.1}
\BOOKMARK [2][-]{Subsection.A.1.Profile: r-compile.2}{Profile: r-compile}{Section..Example Profiles.1}
\BOOKMARK [2][-]{Subsection.A.2.Profile: r-user.2}{Profile: r-user}{Section..Example Profiles.1}
\BOOKMARK [1][-]{Section.A.Security Unit Tests.1}{Security Unit Tests}{}
\BOOKMARK [2][-]{Subsection.B.0.Access System Files.2}{Access System Files}{Section.A.Security Unit Tests.1}
\BOOKMARK [2][-]{Subsection.B.1.Access User Files.2}{Access User Files}{Section.A.Security Unit Tests.1}
\BOOKMARK [2][-]{Subsection.B.2.Limit Memory.2}{Limit Memory}{Section.A.Security Unit Tests.1}
\BOOKMARK [2][-]{Subsection.B.3.Limit CPU Time.2}{Limit CPU Time}{Section.A.Security Unit Tests.1}
\BOOKMARK [2][-]{Subsection.B.4.Fork Bomb.2}{Fork Bomb}{Section.A.Security Unit Tests.1}
